<!DOCTYPE html>

<html>
  <head>
  <title>TestNG reports</title>

    <link type="text/css" href="testng-reports.css" rel="stylesheet" />  
    <script type="text/javascript" src="jquery-1.7.1.min.js"></script>
    <script type="text/javascript" src="testng-reports.js"></script>
    <script type="text/javascript" src="https://www.google.com/jsapi"></script>
    <script type='text/javascript'>
      google.load('visualization', '1', {packages:['table']});
      google.setOnLoadCallback(drawTable);
      var suiteTableInitFunctions = new Array();
      var suiteTableData = new Array();
    </script>
    <!--
      <script type="text/javascript" src="jquery-ui/js/jquery-ui-1.8.16.custom.min.js"></script>
     -->
  </head>

  <body>
    <div class="top-banner-root">
      <span class="top-banner-title-font">Test results</span>
      <br/>
      <span class="top-banner-font-1">1 suite</span>
    </div> <!-- top-banner-root -->
    <div class="navigator-root">
      <div class="navigator-suite-header">
        <span>All suites</span>
        <a href="#" class="collapse-all-link" title="Collapse/expand all the suites">
          <img class="collapse-all-icon" src="collapseall.gif">
          </img> <!-- collapse-all-icon -->
        </a> <!-- collapse-all-link -->
      </div> <!-- navigator-suite-header -->
      <div class="suite">
        <div class="rounded-window">
          <div class="suite-header light-rounded-window-top">
            <a href="#" class="navigator-link" panel-name="suite-Suite">
              <span class="suite-name border-skipped">Suite</span>
            </a> <!-- navigator-link -->
          </div> <!-- suite-header light-rounded-window-top -->
          <div class="navigator-suite-content">
            <div class="suite-section-title">
              <span>Info</span>
            </div> <!-- suite-section-title -->
            <div class="suite-section-content">
              <ul>
                <li>
                  <a href="#" class="navigator-link " panel-name="test-xml-Suite">
                    <span>R:\Rohit\Automation\Pride\TestRun.xml</span>
                  </a> <!-- navigator-link  -->
                </li>
                <li>
                  <a href="#" class="navigator-link " panel-name="testlist-Suite">
                    <span class="test-stats">1 test</span>
                  </a> <!-- navigator-link  -->
                </li>
                <li>
                  <a href="#" class="navigator-link " panel-name="group-Suite">
                    <span>0 groups</span>
                  </a> <!-- navigator-link  -->
                </li>
                <li>
                  <a href="#" class="navigator-link " panel-name="times-Suite">
                    <span>Times</span>
                  </a> <!-- navigator-link  -->
                </li>
                <li>
                  <a href="#" class="navigator-link " panel-name="reporter-Suite">
                    <span>Reporter output</span>
                  </a> <!-- navigator-link  -->
                </li>
                <li>
                  <a href="#" class="navigator-link " panel-name="ignored-methods-Suite">
                    <span>Ignored methods</span>
                  </a> <!-- navigator-link  -->
                </li>
                <li>
                  <a href="#" class="navigator-link " panel-name="chronological-Suite">
                    <span>Chronological view</span>
                  </a> <!-- navigator-link  -->
                </li>
              </ul>
            </div> <!-- suite-section-content -->
            <div class="result-section">
              <div class="suite-section-title">
                <span>Results</span>
              </div> <!-- suite-section-title -->
              <div class="suite-section-content">
                <ul>
                  <li>
                    <span class="method-stats">27 methods,  26 skipped,  1 passed</span>
                  </li>
                  <li>
                    <span class="method-list-title skipped">Skipped methods</span>
                    <span class="show-or-hide-methods skipped">
                      <a href="#" panel-name="suite-Suite" class="hide-methods skipped suite-Suite"> (hide)</a> <!-- hide-methods skipped suite-Suite -->
                      <a href="#" panel-name="suite-Suite" class="show-methods skipped suite-Suite"> (show)</a> <!-- show-methods skipped suite-Suite -->
                    </span>
                    <div class="method-list-content skipped suite-Suite">
                      <span>
                        <img width="3%" src="skipped.png"/>
                        <a href="#" class="method navigator-link" panel-name="suite-Suite" title="com.testcases.driverscripts.Execute_MainScript" hash-for-method="ExecuteTest(PLP, Sort-Pagination, TC18_Sort-Pagination, Verify Sort By filter / pagination functionality / Clear...)">ExecuteTest(PLP, Sort-Pagination, TC18_Sort-Pagination, Verify Sort By filter / pagination functionality / Clear...)</a> <!-- method navigator-link -->
                      </span>
                      <br/>
                      <span>
                        <img width="3%" src="skipped.png"/>
                        <a href="#" class="method navigator-link" panel-name="suite-Suite" title="com.testcases.driverscripts.Execute_MainScript" hash-for-method="ExecuteTest(Quote creation, E2E Scenario, TC14_Quote_creation, Create a quote.
Edit Quote
Convert the quote to o...)">ExecuteTest(Quote creation, E2E Scenario, TC14_Quote_creation, Create a quote.
Edit Quote
Convert the quote to o...)</a> <!-- method navigator-link -->
                      </span>
                      <br/>
                      <span>
                        <img width="3%" src="skipped.png"/>
                        <a href="#" class="method navigator-link" panel-name="suite-Suite" title="com.testcases.driverscripts.Execute_MainScript" hash-for-method="ExecuteTest(Home page, Logout, TC05_Logout_inactivity, Logout inactivity, No, High)">ExecuteTest(Home page, Logout, TC05_Logout_inactivity, Logout inactivity, No, High)</a> <!-- method navigator-link -->
                      </span>
                      <br/>
                      <span>
                        <img width="3%" src="skipped.png"/>
                        <a href="#" class="method navigator-link" panel-name="suite-Suite" title="com.testcases.driverscripts.Execute_MainScript" hash-for-method="ExecuteTest(My Account, Quotes, TC12_VerifyQuotesSearch, Verify Quote search, No, High)">ExecuteTest(My Account, Quotes, TC12_VerifyQuotesSearch, Verify Quote search, No, High)</a> <!-- method navigator-link -->
                      </span>
                      <br/>
                      <span>
                        <img width="3%" src="skipped.png"/>
                        <a href="#" class="method navigator-link" panel-name="suite-Suite" title="com.testcases.driverscripts.Execute_MainScript" hash-for-method="ExecuteTest(My Account, Quotes, TC10_QuotesOptionsCheck, Quotes Options Check, No, High)">ExecuteTest(My Account, Quotes, TC10_QuotesOptionsCheck, Quotes Options Check, No, High)</a> <!-- method navigator-link -->
                      </span>
                      <br/>
                      <span>
                        <img width="3%" src="skipped.png"/>
                        <a href="#" class="method navigator-link" panel-name="suite-Suite" title="com.testcases.driverscripts.Execute_MainScript" hash-for-method="ExecuteTest(Mobile, Cart Check, TC26_Cart Check_Mobile, Place a product only/residential order using new credit ...)">ExecuteTest(Mobile, Cart Check, TC26_Cart Check_Mobile, Place a product only/residential order using new credit ...)</a> <!-- method navigator-link -->
                      </span>
                      <br/>
                      <span>
                        <img width="3%" src="skipped.png"/>
                        <a href="#" class="method navigator-link" panel-name="suite-Suite" title="com.testcases.driverscripts.Execute_MainScript" hash-for-method="ExecuteTest(PLP, Access PLP, TC16_Basic_PLP_check,  Verify if PLP is accessible, No, High)">ExecuteTest(PLP, Access PLP, TC16_Basic_PLP_check,  Verify if PLP is accessible, No, High)</a> <!-- method navigator-link -->
                      </span>
                      <br/>
                      <span>
                        <img width="3%" src="skipped.png"/>
                        <a href="#" class="method navigator-link" panel-name="suite-Suite" title="com.testcases.driverscripts.Execute_MainScript" hash-for-method="ExecuteTest(My Account, Shipping address - CSR Admin, TC08_CSRnewAdd, Add new address, No, High)">ExecuteTest(My Account, Shipping address - CSR Admin, TC08_CSRnewAdd, Add new address, No, High)</a> <!-- method navigator-link -->
                      </span>
                      <br/>
                      <span>
                        <img width="3%" src="skipped.png"/>
                        <a href="#" class="method navigator-link" panel-name="suite-Suite" title="com.testcases.driverscripts.Execute_MainScript" hash-for-method="ExecuteTest(All, Generic, TC22_Verify_Broken_Image_PDP_Page, Verify Broken Image &amp; Broken Links on PDP Page, NO,...)">ExecuteTest(All, Generic, TC22_Verify_Broken_Image_PDP_Page, Verify Broken Image & Broken Links on PDP Page, NO,...)</a> <!-- method navigator-link -->
                      </span>
                      <br/>
                      <span>
                        <img width="3%" src="skipped.png"/>
                        <a href="#" class="method navigator-link" panel-name="suite-Suite" title="com.testcases.driverscripts.Execute_MainScript" hash-for-method="ExecuteTest(My Account, Quotes, TC11_QuotesOptionsDetails, Quotes Options Details check, No, High)">ExecuteTest(My Account, Quotes, TC11_QuotesOptionsDetails, Quotes Options Details check, No, High)</a> <!-- method navigator-link -->
                      </span>
                      <br/>
                      <span>
                        <img width="3%" src="skipped.png"/>
                        <a href="#" class="method navigator-link" panel-name="suite-Suite" title="com.testcases.driverscripts.Execute_MainScript" hash-for-method="ExecuteTest(Home page, Home Page UI elements, TC06_HomeUIElementsCheck, Verify if all the home page elements are...)">ExecuteTest(Home page, Home Page UI elements, TC06_HomeUIElementsCheck, Verify if all the home page elements are...)</a> <!-- method navigator-link -->
                      </span>
                      <br/>
                      <span>
                        <img width="3%" src="skipped.png"/>
                        <a href="#" class="method navigator-link" panel-name="suite-Suite" title="com.testcases.driverscripts.Execute_MainScript" hash-for-method="ExecuteTest(PLP, Facets for Product Listing (Models) page, TC17_PLP_Facets, Verify facets are dislayed properly ...)">ExecuteTest(PLP, Facets for Product Listing (Models) page, TC17_PLP_Facets, Verify facets are dislayed properly ...)</a> <!-- method navigator-link -->
                      </span>
                      <br/>
                      <span>
                        <img width="3%" src="skipped.png"/>
                        <a href="#" class="method navigator-link" panel-name="suite-Suite" title="com.testcases.driverscripts.Execute_MainScript" hash-for-method="ExecuteTest(POC DEMO, MYACC, TC27_DEMO_Myacc, Verify whether User can update profile details from My Profile sec...)">ExecuteTest(POC DEMO, MYACC, TC27_DEMO_Myacc, Verify whether User can update profile details from My Profile sec...)</a> <!-- method navigator-link -->
                      </span>
                      <br/>
                      <span>
                        <img width="3%" src="skipped.png"/>
                        <a href="#" class="method navigator-link" panel-name="suite-Suite" title="com.testcases.driverscripts.Execute_MainScript" hash-for-method="ExecuteTest(My Account, Quotes, TC09_Quotes_PageLoad, Quotes, No, High)">ExecuteTest(My Account, Quotes, TC09_Quotes_PageLoad, Quotes, No, High)</a> <!-- method navigator-link -->
                      </span>
                      <br/>
                      <span>
                        <img width="3%" src="skipped.png"/>
                        <a href="#" class="method navigator-link" panel-name="suite-Suite" title="com.testcases.driverscripts.Execute_MainScript" hash-for-method="ExecuteTest(All, Generic, TC21_Verify_Broken_Image_Home_Page, Verify Broken Image &amp; Broken Links on Home Page, N...)">ExecuteTest(All, Generic, TC21_Verify_Broken_Image_Home_Page, Verify Broken Image & Broken Links on Home Page, N...)</a> <!-- method navigator-link -->
                      </span>
                      <br/>
                      <span>
                        <img width="3%" src="skipped.png"/>
                        <a href="#" class="method navigator-link" panel-name="suite-Suite" title="com.testcases.driverscripts.Execute_MainScript" hash-for-method="ExecuteTest(My Account, My Profile, TC07_MyProfile, My Profile update, No, High)">ExecuteTest(My Account, My Profile, TC07_MyProfile, My Profile update, No, High)</a> <!-- method navigator-link -->
                      </span>
                      <br/>
                      <span>
                        <img width="3%" src="skipped.png"/>
                        <a href="#" class="method navigator-link" panel-name="suite-Suite" title="com.testcases.driverscripts.Execute_MainScript" hash-for-method="ExecuteTest(Home page, Login from Left Menu, TC02_Login_Left_Menu, Login as an active user, No, High)">ExecuteTest(Home page, Login from Left Menu, TC02_Login_Left_Menu, Login as an active user, No, High)</a> <!-- method navigator-link -->
                      </span>
                      <br/>
                      <span>
                        <img width="3%" src="skipped.png"/>
                        <a href="#" class="method navigator-link" panel-name="suite-Suite" title="com.testcases.driverscripts.Execute_MainScript" hash-for-method="ExecuteTest(Home page, Login from Header, TC03_Login_Header, Login as an active user, No, High)">ExecuteTest(Home page, Login from Header, TC03_Login_Header, Login as an active user, No, High)</a> <!-- method navigator-link -->
                      </span>
                      <br/>
                      <span>
                        <img width="3%" src="skipped.png"/>
                        <a href="#" class="method navigator-link" panel-name="suite-Suite" title="com.testcases.driverscripts.Execute_MainScript" hash-for-method="ExecuteTest(All, Generic, TC23_Verify_Broken_Image_PLP_Page, Verify Broken Image &amp; Broken Links on PLP Page, No,...)">ExecuteTest(All, Generic, TC23_Verify_Broken_Image_PLP_Page, Verify Broken Image & Broken Links on PLP Page, No,...)</a> <!-- method navigator-link -->
                      </span>
                      <br/>
                      <span>
                        <img width="3%" src="skipped.png"/>
                        <a href="#" class="method navigator-link" panel-name="suite-Suite" title="com.testcases.driverscripts.Execute_MainScript" hash-for-method="ExecuteTest(Checkout, Finalize section, TC20_Verify_Finalize_section, Verify Finalize section display, No, High)">ExecuteTest(Checkout, Finalize section, TC20_Verify_Finalize_section, Verify Finalize section display, No, High)</a> <!-- method navigator-link -->
                      </span>
                      <br/>
                      <span>
                        <img width="3%" src="skipped.png"/>
                        <a href="#" class="method navigator-link" panel-name="suite-Suite" title="com.testcases.driverscripts.Execute_MainScript" hash-for-method="ExecuteTest(Home page, Logout, TC04_Logout, Logout, No, High)">ExecuteTest(Home page, Logout, TC04_Logout, Logout, No, High)</a> <!-- method navigator-link -->
                      </span>
                      <br/>
                      <span>
                        <img width="3%" src="skipped.png"/>
                        <a href="#" class="method navigator-link" panel-name="suite-Suite" title="com.testcases.driverscripts.Execute_MainScript" hash-for-method="ExecuteTest(Shopping Cart, Shopping Cart display, TC15_Shopping_Cart_display, Verify shopping cart display is as...)">ExecuteTest(Shopping Cart, Shopping Cart display, TC15_Shopping_Cart_display, Verify shopping cart display is as...)</a> <!-- method navigator-link -->
                      </span>
                      <br/>
                      <span>
                        <img width="3%" src="skipped.png"/>
                        <a href="#" class="method navigator-link" panel-name="suite-Suite" title="com.testcases.driverscripts.Execute_MainScript" hash-for-method="ExecuteTest(Order Creation User, E2E Scenario, TC25_Order_Creation_User, Place a product only/residential order ...)">ExecuteTest(Order Creation User, E2E Scenario, TC25_Order_Creation_User, Place a product only/residential order ...)</a> <!-- method navigator-link -->
                      </span>
                      <br/>
                      <span>
                        <img width="3%" src="skipped.png"/>
                        <a href="#" class="method navigator-link" panel-name="suite-Suite" title="com.testcases.driverscripts.Execute_MainScript" hash-for-method="ExecuteTest(Order Creation CSR Admin, E2E Scenario, TC13_Order_Creation, Place a product only/residential order ...)">ExecuteTest(Order Creation CSR Admin, E2E Scenario, TC13_Order_Creation, Place a product only/residential order ...)</a> <!-- method navigator-link -->
                      </span>
                      <br/>
                      <span>
                        <img width="3%" src="skipped.png"/>
                        <a href="#" class="method navigator-link" panel-name="suite-Suite" title="com.testcases.driverscripts.Execute_MainScript" hash-for-method="ExecuteTest(All, Generic, TC24_Verify_Broken_Image_Search_Page, Verify Broken Image &amp; Broken Links on Search Pag...)">ExecuteTest(All, Generic, TC24_Verify_Broken_Image_Search_Page, Verify Broken Image & Broken Links on Search Pag...)</a> <!-- method navigator-link -->
                      </span>
                      <br/>
                      <span>
                        <img width="3%" src="skipped.png"/>
                        <a href="#" class="method navigator-link" panel-name="suite-Suite" title="com.testcases.driverscripts.Execute_MainScript" hash-for-method="ExecuteTest(PDP, PDP display, TC19_PDP_display, 
Verify PDP display, No, High)">ExecuteTest(PDP, PDP display, TC19_PDP_display, 
Verify PDP display, No, High)</a> <!-- method navigator-link -->
                      </span>
                      <br/>
                    </div> <!-- method-list-content skipped suite-Suite -->
                  </li>
                  <li>
                    <span class="method-list-title passed">Passed methods</span>
                    <span class="show-or-hide-methods passed">
                      <a href="#" panel-name="suite-Suite" class="hide-methods passed suite-Suite"> (hide)</a> <!-- hide-methods passed suite-Suite -->
                      <a href="#" panel-name="suite-Suite" class="show-methods passed suite-Suite"> (show)</a> <!-- show-methods passed suite-Suite -->
                    </span>
                    <div class="method-list-content passed suite-Suite">
                      <span>
                        <img width="3%" src="passed.png"/>
                        <a href="#" class="method navigator-link" panel-name="suite-Suite" title="com.testcases.driverscripts.Execute_MainScript" hash-for-method="ExecuteTest(Home page, Basic check - Storefront, TC01_Basic_check, Access storefront, Yes, High)">ExecuteTest(Home page, Basic check - Storefront, TC01_Basic_check, Access storefront, Yes, High)</a> <!-- method navigator-link -->
                      </span>
                      <br/>
                    </div> <!-- method-list-content passed suite-Suite -->
                  </li>
                </ul>
              </div> <!-- suite-section-content -->
            </div> <!-- result-section -->
          </div> <!-- navigator-suite-content -->
        </div> <!-- rounded-window -->
      </div> <!-- suite -->
    </div> <!-- navigator-root -->
    <div class="wrapper">
      <div class="main-panel-root">
        <div panel-name="suite-Suite" class="panel Suite">
          <div class="suite-Suite-class-skipped">
            <div class="main-panel-header rounded-window-top">
              <img src="skipped.png"/>
              <span class="class-name">com.testcases.driverscripts.Execute_MainScript</span>
            </div> <!-- main-panel-header rounded-window-top -->
            <div class="main-panel-content rounded-window-bottom">
              <div class="method">
                <div class="method-content">
                  <a name="ExecuteTest(PLP, Sort-Pagination, TC18_Sort-Pagination, Verify Sort By filter / pagination functionality / Clear...)">
                  </a> <!-- ExecuteTest(PLP, Sort-Pagination, TC18_Sort-Pagination, Verify Sort By filter / pagination functionality / Clear...) -->
                  <span class="method-name">ExecuteTest</span>
                  <span class="parameters">(PLP, Sort-Pagination, TC18_Sort-Pagination, Verify Sort By filter / pagination functionality / Clear all link, No, High)</span>
                  <div class="stack-trace">org.testng.SkipException: TC18_Sort-Pagination has been skipped..
	at com.testcases.driverscripts.Execute_MainScript.ExecuteTest(Execute_MainScript.java:254)
... Removed 23 stack frames
</div> <!-- stack-trace -->
                </div> <!-- method-content -->
              </div> <!-- method -->
              <div class="method">
                <div class="method-content">
                  <a name="ExecuteTest(Quote creation, E2E Scenario, TC14_Quote_creation, Create a quote.
Edit Quote
Convert the quote to o...)">
                  </a> <!-- ExecuteTest(Quote creation, E2E Scenario, TC14_Quote_creation, Create a quote.
Edit Quote
Convert the quote to o...) -->
                  <span class="method-name">ExecuteTest</span>
                  <span class="parameters">(Quote creation, E2E Scenario, TC14_Quote_creation, Create a quote.
Edit Quote
Convert the quote to order, No, High)</span>
                  <div class="stack-trace">org.testng.SkipException: TC14_Quote_creation has been skipped..
	at com.testcases.driverscripts.Execute_MainScript.ExecuteTest(Execute_MainScript.java:254)
... Removed 24 stack frames
</div> <!-- stack-trace -->
                </div> <!-- method-content -->
              </div> <!-- method -->
              <div class="method">
                <div class="method-content">
                  <a name="ExecuteTest(Home page, Logout, TC05_Logout_inactivity, Logout inactivity, No, High)">
                  </a> <!-- ExecuteTest(Home page, Logout, TC05_Logout_inactivity, Logout inactivity, No, High) -->
                  <span class="method-name">ExecuteTest</span>
                  <span class="parameters">(Home page, Logout, TC05_Logout_inactivity, Logout inactivity, No, High)</span>
                  <div class="stack-trace">org.testng.SkipException: TC05_Logout_inactivity has been skipped..
	at com.testcases.driverscripts.Execute_MainScript.ExecuteTest(Execute_MainScript.java:254)
... Removed 24 stack frames
</div> <!-- stack-trace -->
                </div> <!-- method-content -->
              </div> <!-- method -->
              <div class="method">
                <div class="method-content">
                  <a name="ExecuteTest(My Account, Quotes, TC12_VerifyQuotesSearch, Verify Quote search, No, High)">
                  </a> <!-- ExecuteTest(My Account, Quotes, TC12_VerifyQuotesSearch, Verify Quote search, No, High) -->
                  <span class="method-name">ExecuteTest</span>
                  <span class="parameters">(My Account, Quotes, TC12_VerifyQuotesSearch, Verify Quote search, No, High)</span>
                  <div class="stack-trace">org.testng.SkipException: TC12_VerifyQuotesSearch has been skipped..
	at com.testcases.driverscripts.Execute_MainScript.ExecuteTest(Execute_MainScript.java:254)
... Removed 24 stack frames
</div> <!-- stack-trace -->
                </div> <!-- method-content -->
              </div> <!-- method -->
              <div class="method">
                <div class="method-content">
                  <a name="ExecuteTest(My Account, Quotes, TC10_QuotesOptionsCheck, Quotes Options Check, No, High)">
                  </a> <!-- ExecuteTest(My Account, Quotes, TC10_QuotesOptionsCheck, Quotes Options Check, No, High) -->
                  <span class="method-name">ExecuteTest</span>
                  <span class="parameters">(My Account, Quotes, TC10_QuotesOptionsCheck, Quotes Options Check, No, High)</span>
                  <div class="stack-trace">org.testng.SkipException: TC10_QuotesOptionsCheck has been skipped..
	at com.testcases.driverscripts.Execute_MainScript.ExecuteTest(Execute_MainScript.java:254)
... Removed 24 stack frames
</div> <!-- stack-trace -->
                </div> <!-- method-content -->
              </div> <!-- method -->
              <div class="method">
                <div class="method-content">
                  <a name="ExecuteTest(Mobile, Cart Check, TC26_Cart Check_Mobile, Place a product only/residential order using new credit ...)">
                  </a> <!-- ExecuteTest(Mobile, Cart Check, TC26_Cart Check_Mobile, Place a product only/residential order using new credit ...) -->
                  <span class="method-name">ExecuteTest</span>
                  <span class="parameters">(Mobile, Cart Check, TC26_Cart Check_Mobile, Place a product only/residential order using new credit card and verify details, No, High)</span>
                  <div class="stack-trace">org.testng.SkipException: TC26_Cart Check_Mobile has been skipped..
	at com.testcases.driverscripts.Execute_MainScript.ExecuteTest(Execute_MainScript.java:254)
... Removed 23 stack frames
</div> <!-- stack-trace -->
                </div> <!-- method-content -->
              </div> <!-- method -->
              <div class="method">
                <div class="method-content">
                  <a name="ExecuteTest(PLP, Access PLP, TC16_Basic_PLP_check,  Verify if PLP is accessible, No, High)">
                  </a> <!-- ExecuteTest(PLP, Access PLP, TC16_Basic_PLP_check,  Verify if PLP is accessible, No, High) -->
                  <span class="method-name">ExecuteTest</span>
                  <span class="parameters">(PLP, Access PLP, TC16_Basic_PLP_check,  Verify if PLP is accessible, No, High)</span>
                  <div class="stack-trace">org.testng.SkipException: TC16_Basic_PLP_check has been skipped..
	at com.testcases.driverscripts.Execute_MainScript.ExecuteTest(Execute_MainScript.java:254)
... Removed 24 stack frames
</div> <!-- stack-trace -->
                </div> <!-- method-content -->
              </div> <!-- method -->
              <div class="method">
                <div class="method-content">
                  <a name="ExecuteTest(My Account, Shipping address - CSR Admin, TC08_CSRnewAdd, Add new address, No, High)">
                  </a> <!-- ExecuteTest(My Account, Shipping address - CSR Admin, TC08_CSRnewAdd, Add new address, No, High) -->
                  <span class="method-name">ExecuteTest</span>
                  <span class="parameters">(My Account, Shipping address - CSR Admin, TC08_CSRnewAdd, Add new address, No, High)</span>
                  <div class="stack-trace">org.testng.SkipException: TC08_CSRnewAdd has been skipped..
	at com.testcases.driverscripts.Execute_MainScript.ExecuteTest(Execute_MainScript.java:254)
... Removed 24 stack frames
</div> <!-- stack-trace -->
                </div> <!-- method-content -->
              </div> <!-- method -->
              <div class="method">
                <div class="method-content">
                  <a name="ExecuteTest(All, Generic, TC22_Verify_Broken_Image_PDP_Page, Verify Broken Image &amp; Broken Links on PDP Page, NO,...)">
                  </a> <!-- ExecuteTest(All, Generic, TC22_Verify_Broken_Image_PDP_Page, Verify Broken Image & Broken Links on PDP Page, NO,...) -->
                  <span class="method-name">ExecuteTest</span>
                  <span class="parameters">(All, Generic, TC22_Verify_Broken_Image_PDP_Page, Verify Broken Image & Broken Links on PDP Page, NO, High)</span>
                  <div class="stack-trace">org.testng.SkipException: TC22_Verify_Broken_Image_PDP_Page has been skipped..
	at com.testcases.driverscripts.Execute_MainScript.ExecuteTest(Execute_MainScript.java:254)
... Removed 23 stack frames
</div> <!-- stack-trace -->
                </div> <!-- method-content -->
              </div> <!-- method -->
              <div class="method">
                <div class="method-content">
                  <a name="ExecuteTest(My Account, Quotes, TC11_QuotesOptionsDetails, Quotes Options Details check, No, High)">
                  </a> <!-- ExecuteTest(My Account, Quotes, TC11_QuotesOptionsDetails, Quotes Options Details check, No, High) -->
                  <span class="method-name">ExecuteTest</span>
                  <span class="parameters">(My Account, Quotes, TC11_QuotesOptionsDetails, Quotes Options Details check, No, High)</span>
                  <div class="stack-trace">org.testng.SkipException: TC11_QuotesOptionsDetails has been skipped..
	at com.testcases.driverscripts.Execute_MainScript.ExecuteTest(Execute_MainScript.java:254)
... Removed 24 stack frames
</div> <!-- stack-trace -->
                </div> <!-- method-content -->
              </div> <!-- method -->
              <div class="method">
                <div class="method-content">
                  <a name="ExecuteTest(Home page, Home Page UI elements, TC06_HomeUIElementsCheck, Verify if all the home page elements are...)">
                  </a> <!-- ExecuteTest(Home page, Home Page UI elements, TC06_HomeUIElementsCheck, Verify if all the home page elements are...) -->
                  <span class="method-name">ExecuteTest</span>
                  <span class="parameters">(Home page, Home Page UI elements, TC06_HomeUIElementsCheck, Verify if all the home page elements are displayed as per story PPALE-25, No, High)</span>
                  <div class="stack-trace">org.testng.SkipException: TC06_HomeUIElementsCheck has been skipped..
	at com.testcases.driverscripts.Execute_MainScript.ExecuteTest(Execute_MainScript.java:254)
... Removed 24 stack frames
</div> <!-- stack-trace -->
                </div> <!-- method-content -->
              </div> <!-- method -->
              <div class="method">
                <div class="method-content">
                  <a name="ExecuteTest(PLP, Facets for Product Listing (Models) page, TC17_PLP_Facets, Verify facets are dislayed properly ...)">
                  </a> <!-- ExecuteTest(PLP, Facets for Product Listing (Models) page, TC17_PLP_Facets, Verify facets are dislayed properly ...) -->
                  <span class="method-name">ExecuteTest</span>
                  <span class="parameters">(PLP, Facets for Product Listing (Models) page, TC17_PLP_Facets, Verify facets are dislayed properly , No, High)</span>
                  <div class="stack-trace">org.testng.SkipException: TC17_PLP_Facets has been skipped..
	at com.testcases.driverscripts.Execute_MainScript.ExecuteTest(Execute_MainScript.java:254)
... Removed 23 stack frames
</div> <!-- stack-trace -->
                </div> <!-- method-content -->
              </div> <!-- method -->
              <div class="method">
                <div class="method-content">
                  <a name="ExecuteTest(POC DEMO, MYACC, TC27_DEMO_Myacc, Verify whether User can update profile details from My Profile sec...)">
                  </a> <!-- ExecuteTest(POC DEMO, MYACC, TC27_DEMO_Myacc, Verify whether User can update profile details from My Profile sec...) -->
                  <span class="method-name">ExecuteTest</span>
                  <span class="parameters">(POC DEMO, MYACC, TC27_DEMO_Myacc, Verify whether User can update profile details from My Profile section., No, High)</span>
                  <div class="stack-trace">org.testng.SkipException: TC27_DEMO_Myacc has been skipped..
	at com.testcases.driverscripts.Execute_MainScript.ExecuteTest(Execute_MainScript.java:254)
... Removed 23 stack frames
</div> <!-- stack-trace -->
                </div> <!-- method-content -->
              </div> <!-- method -->
              <div class="method">
                <div class="method-content">
                  <a name="ExecuteTest(My Account, Quotes, TC09_Quotes_PageLoad, Quotes, No, High)">
                  </a> <!-- ExecuteTest(My Account, Quotes, TC09_Quotes_PageLoad, Quotes, No, High) -->
                  <span class="method-name">ExecuteTest</span>
                  <span class="parameters">(My Account, Quotes, TC09_Quotes_PageLoad, Quotes, No, High)</span>
                  <div class="stack-trace">org.testng.SkipException: TC09_Quotes_PageLoad has been skipped..
	at com.testcases.driverscripts.Execute_MainScript.ExecuteTest(Execute_MainScript.java:254)
... Removed 24 stack frames
</div> <!-- stack-trace -->
                </div> <!-- method-content -->
              </div> <!-- method -->
              <div class="method">
                <div class="method-content">
                  <a name="ExecuteTest(All, Generic, TC21_Verify_Broken_Image_Home_Page, Verify Broken Image &amp; Broken Links on Home Page, N...)">
                  </a> <!-- ExecuteTest(All, Generic, TC21_Verify_Broken_Image_Home_Page, Verify Broken Image & Broken Links on Home Page, N...) -->
                  <span class="method-name">ExecuteTest</span>
                  <span class="parameters">(All, Generic, TC21_Verify_Broken_Image_Home_Page, Verify Broken Image & Broken Links on Home Page, NO, High)</span>
                  <div class="stack-trace">org.testng.SkipException: TC21_Verify_Broken_Image_Home_Page has been skipped..
	at com.testcases.driverscripts.Execute_MainScript.ExecuteTest(Execute_MainScript.java:254)
... Removed 23 stack frames
</div> <!-- stack-trace -->
                </div> <!-- method-content -->
              </div> <!-- method -->
              <div class="method">
                <div class="method-content">
                  <a name="ExecuteTest(My Account, My Profile, TC07_MyProfile, My Profile update, No, High)">
                  </a> <!-- ExecuteTest(My Account, My Profile, TC07_MyProfile, My Profile update, No, High) -->
                  <span class="method-name">ExecuteTest</span>
                  <span class="parameters">(My Account, My Profile, TC07_MyProfile, My Profile update, No, High)</span>
                  <div class="stack-trace">org.testng.SkipException: TC07_MyProfile has been skipped..
	at com.testcases.driverscripts.Execute_MainScript.ExecuteTest(Execute_MainScript.java:254)
... Removed 24 stack frames
</div> <!-- stack-trace -->
                </div> <!-- method-content -->
              </div> <!-- method -->
              <div class="method">
                <div class="method-content">
                  <a name="ExecuteTest(Home page, Login from Left Menu, TC02_Login_Left_Menu, Login as an active user, No, High)">
                  </a> <!-- ExecuteTest(Home page, Login from Left Menu, TC02_Login_Left_Menu, Login as an active user, No, High) -->
                  <span class="method-name">ExecuteTest</span>
                  <span class="parameters">(Home page, Login from Left Menu, TC02_Login_Left_Menu, Login as an active user, No, High)</span>
                  <div class="stack-trace">org.testng.SkipException: TC02_Login_Left_Menu has been skipped..
	at com.testcases.driverscripts.Execute_MainScript.ExecuteTest(Execute_MainScript.java:254)
... Removed 24 stack frames
</div> <!-- stack-trace -->
                </div> <!-- method-content -->
              </div> <!-- method -->
              <div class="method">
                <div class="method-content">
                  <a name="ExecuteTest(Home page, Login from Header, TC03_Login_Header, Login as an active user, No, High)">
                  </a> <!-- ExecuteTest(Home page, Login from Header, TC03_Login_Header, Login as an active user, No, High) -->
                  <span class="method-name">ExecuteTest</span>
                  <span class="parameters">(Home page, Login from Header, TC03_Login_Header, Login as an active user, No, High)</span>
                  <div class="stack-trace">org.testng.SkipException: TC03_Login_Header has been skipped..
	at com.testcases.driverscripts.Execute_MainScript.ExecuteTest(Execute_MainScript.java:254)
... Removed 24 stack frames
</div> <!-- stack-trace -->
                </div> <!-- method-content -->
              </div> <!-- method -->
              <div class="method">
                <div class="method-content">
                  <a name="ExecuteTest(All, Generic, TC23_Verify_Broken_Image_PLP_Page, Verify Broken Image &amp; Broken Links on PLP Page, No,...)">
                  </a> <!-- ExecuteTest(All, Generic, TC23_Verify_Broken_Image_PLP_Page, Verify Broken Image & Broken Links on PLP Page, No,...) -->
                  <span class="method-name">ExecuteTest</span>
                  <span class="parameters">(All, Generic, TC23_Verify_Broken_Image_PLP_Page, Verify Broken Image & Broken Links on PLP Page, No, High)</span>
                  <div class="stack-trace">org.testng.SkipException: TC23_Verify_Broken_Image_PLP_Page has been skipped..
	at com.testcases.driverscripts.Execute_MainScript.ExecuteTest(Execute_MainScript.java:254)
... Removed 23 stack frames
</div> <!-- stack-trace -->
                </div> <!-- method-content -->
              </div> <!-- method -->
              <div class="method">
                <div class="method-content">
                  <a name="ExecuteTest(Checkout, Finalize section, TC20_Verify_Finalize_section, Verify Finalize section display, No, High)">
                  </a> <!-- ExecuteTest(Checkout, Finalize section, TC20_Verify_Finalize_section, Verify Finalize section display, No, High) -->
                  <span class="method-name">ExecuteTest</span>
                  <span class="parameters">(Checkout, Finalize section, TC20_Verify_Finalize_section, Verify Finalize section display, No, High)</span>
                  <div class="stack-trace">org.testng.SkipException: TC20_Verify_Finalize_section has been skipped..
	at com.testcases.driverscripts.Execute_MainScript.ExecuteTest(Execute_MainScript.java:254)
... Removed 23 stack frames
</div> <!-- stack-trace -->
                </div> <!-- method-content -->
              </div> <!-- method -->
              <div class="method">
                <div class="method-content">
                  <a name="ExecuteTest(Home page, Logout, TC04_Logout, Logout, No, High)">
                  </a> <!-- ExecuteTest(Home page, Logout, TC04_Logout, Logout, No, High) -->
                  <span class="method-name">ExecuteTest</span>
                  <span class="parameters">(Home page, Logout, TC04_Logout, Logout, No, High)</span>
                  <div class="stack-trace">org.testng.SkipException: TC04_Logout has been skipped..
	at com.testcases.driverscripts.Execute_MainScript.ExecuteTest(Execute_MainScript.java:254)
... Removed 24 stack frames
</div> <!-- stack-trace -->
                </div> <!-- method-content -->
              </div> <!-- method -->
              <div class="method">
                <div class="method-content">
                  <a name="ExecuteTest(Shopping Cart, Shopping Cart display, TC15_Shopping_Cart_display, Verify shopping cart display is as...)">
                  </a> <!-- ExecuteTest(Shopping Cart, Shopping Cart display, TC15_Shopping_Cart_display, Verify shopping cart display is as...) -->
                  <span class="method-name">ExecuteTest</span>
                  <span class="parameters">(Shopping Cart, Shopping Cart display, TC15_Shopping_Cart_display, Verify shopping cart display is as per PPALE-1511, No, High)</span>
                  <div class="stack-trace">org.testng.SkipException: TC15_Shopping_Cart_display has been skipped..
	at com.testcases.driverscripts.Execute_MainScript.ExecuteTest(Execute_MainScript.java:254)
... Removed 24 stack frames
</div> <!-- stack-trace -->
                </div> <!-- method-content -->
              </div> <!-- method -->
              <div class="method">
                <div class="method-content">
                  <a name="ExecuteTest(Order Creation User, E2E Scenario, TC25_Order_Creation_User, Place a product only/residential order ...)">
                  </a> <!-- ExecuteTest(Order Creation User, E2E Scenario, TC25_Order_Creation_User, Place a product only/residential order ...) -->
                  <span class="method-name">ExecuteTest</span>
                  <span class="parameters">(Order Creation User, E2E Scenario, TC25_Order_Creation_User, Place a product only/residential order using new credit card and verify details, No, High)</span>
                  <div class="stack-trace">org.testng.SkipException: TC25_Order_Creation_User has been skipped..
	at com.testcases.driverscripts.Execute_MainScript.ExecuteTest(Execute_MainScript.java:254)
... Removed 23 stack frames
</div> <!-- stack-trace -->
                </div> <!-- method-content -->
              </div> <!-- method -->
              <div class="method">
                <div class="method-content">
                  <a name="ExecuteTest(Order Creation CSR Admin, E2E Scenario, TC13_Order_Creation, Place a product only/residential order ...)">
                  </a> <!-- ExecuteTest(Order Creation CSR Admin, E2E Scenario, TC13_Order_Creation, Place a product only/residential order ...) -->
                  <span class="method-name">ExecuteTest</span>
                  <span class="parameters">(Order Creation CSR Admin, E2E Scenario, TC13_Order_Creation, Place a product only/residential order using new credit card and verify details, No, High)</span>
                  <div class="stack-trace">org.testng.SkipException: TC13_Order_Creation has been skipped..
	at com.testcases.driverscripts.Execute_MainScript.ExecuteTest(Execute_MainScript.java:254)
... Removed 24 stack frames
</div> <!-- stack-trace -->
                </div> <!-- method-content -->
              </div> <!-- method -->
              <div class="method">
                <div class="method-content">
                  <a name="ExecuteTest(All, Generic, TC24_Verify_Broken_Image_Search_Page, Verify Broken Image &amp; Broken Links on Search Pag...)">
                  </a> <!-- ExecuteTest(All, Generic, TC24_Verify_Broken_Image_Search_Page, Verify Broken Image & Broken Links on Search Pag...) -->
                  <span class="method-name">ExecuteTest</span>
                  <span class="parameters">(All, Generic, TC24_Verify_Broken_Image_Search_Page, Verify Broken Image & Broken Links on Search Page, No, High)</span>
                  <div class="stack-trace">org.testng.SkipException: TC24_Verify_Broken_Image_Search_Page has been skipped..
	at com.testcases.driverscripts.Execute_MainScript.ExecuteTest(Execute_MainScript.java:254)
... Removed 23 stack frames
</div> <!-- stack-trace -->
                </div> <!-- method-content -->
              </div> <!-- method -->
              <div class="method">
                <div class="method-content">
                  <a name="ExecuteTest(PDP, PDP display, TC19_PDP_display, 
Verify PDP display, No, High)">
                  </a> <!-- ExecuteTest(PDP, PDP display, TC19_PDP_display, 
Verify PDP display, No, High) -->
                  <span class="method-name">ExecuteTest</span>
                  <span class="parameters">(PDP, PDP display, TC19_PDP_display, 
Verify PDP display, No, High)</span>
                  <div class="stack-trace">org.testng.SkipException: TC19_PDP_display has been skipped..
	at com.testcases.driverscripts.Execute_MainScript.ExecuteTest(Execute_MainScript.java:254)
... Removed 23 stack frames
</div> <!-- stack-trace -->
                </div> <!-- method-content -->
              </div> <!-- method -->
            </div> <!-- main-panel-content rounded-window-bottom -->
          </div> <!-- suite-Suite-class-skipped -->
          <div class="suite-Suite-class-passed">
            <div class="main-panel-header rounded-window-top">
              <img src="passed.png"/>
              <span class="class-name">com.testcases.driverscripts.Execute_MainScript</span>
            </div> <!-- main-panel-header rounded-window-top -->
            <div class="main-panel-content rounded-window-bottom">
              <div class="method">
                <div class="method-content">
                  <a name="ExecuteTest(Home page, Basic check - Storefront, TC01_Basic_check, Access storefront, Yes, High)">
                  </a> <!-- ExecuteTest(Home page, Basic check - Storefront, TC01_Basic_check, Access storefront, Yes, High) -->
                  <span class="method-name">ExecuteTest</span>
                  <span class="parameters">(Home page, Basic check - Storefront, TC01_Basic_check, Access storefront, Yes, High)</span>
                </div> <!-- method-content -->
              </div> <!-- method -->
            </div> <!-- main-panel-content rounded-window-bottom -->
          </div> <!-- suite-Suite-class-passed -->
        </div> <!-- panel Suite -->
        <div panel-name="test-xml-Suite" class="panel">
          <div class="main-panel-header rounded-window-top">
            <span class="header-content">R:\Rohit\Automation\Pride\TestRun.xml</span>
          </div> <!-- main-panel-header rounded-window-top -->
          <div class="main-panel-content rounded-window-bottom">
            <pre>
&lt;?xml version=&quot;1.0&quot; encoding=&quot;UTF-8&quot;?&gt;
&lt;!DOCTYPE suite SYSTEM &quot;http://testng.org/testng-1.0.dtd&quot;&gt;
&lt;suite guice-stage=&quot;DEVELOPMENT&quot; name=&quot;Suite&quot;&gt;
  &lt;test name=&quot;Chrome_test&quot;&gt;
    &lt;parameter name=&quot;DeviceScrWidth&quot; value=&quot;375&quot;/&gt;
    &lt;parameter name=&quot;Device&quot; value=&quot;iphone X&quot;/&gt;
    &lt;parameter name=&quot;browser&quot; value=&quot;chrome&quot;/&gt;
    &lt;parameter name=&quot;Channel&quot; value=&quot;Desktop&quot;/&gt;
    &lt;parameter name=&quot;DeviceScrHeight&quot; value=&quot;812&quot;/&gt;
    &lt;classes&gt;
      &lt;class name=&quot;com.testcases.driverscripts.Execute_MainScript&quot;/&gt;
    &lt;/classes&gt;
  &lt;/test&gt; &lt;!-- Chrome_test --&gt;
&lt;/suite&gt; &lt;!-- Suite --&gt;
            </pre>
          </div> <!-- main-panel-content rounded-window-bottom -->
        </div> <!-- panel -->
        <div panel-name="testlist-Suite" class="panel">
          <div class="main-panel-header rounded-window-top">
            <span class="header-content">Tests for Suite</span>
          </div> <!-- main-panel-header rounded-window-top -->
          <div class="main-panel-content rounded-window-bottom">
            <ul>
              <li>
                <span class="test-name">Chrome_test (1 class)</span>
              </li>
            </ul>
          </div> <!-- main-panel-content rounded-window-bottom -->
        </div> <!-- panel -->
        <div panel-name="group-Suite" class="panel">
          <div class="main-panel-header rounded-window-top">
            <span class="header-content">Groups for Suite</span>
          </div> <!-- main-panel-header rounded-window-top -->
          <div class="main-panel-content rounded-window-bottom">
          </div> <!-- main-panel-content rounded-window-bottom -->
        </div> <!-- panel -->
        <div panel-name="times-Suite" class="panel">
          <div class="main-panel-header rounded-window-top">
            <span class="header-content">Times for Suite</span>
          </div> <!-- main-panel-header rounded-window-top -->
          <div class="main-panel-content rounded-window-bottom">
            <div class="times-div">
              <script type="text/javascript">
suiteTableInitFunctions.push('tableData_Suite');
function tableData_Suite() {
var data = new google.visualization.DataTable();
data.addColumn('number', 'Number');
data.addColumn('string', 'Method');
data.addColumn('string', 'Class');
data.addColumn('number', 'Time (ms)');
data.addRows(27);
data.setCell(0, 0, 0)
data.setCell(0, 1, 'ExecuteTest')
data.setCell(0, 2, 'com.testcases.driverscripts.Execute_MainScript')
data.setCell(0, 3, 13671);
data.setCell(1, 0, 1)
data.setCell(1, 1, 'ExecuteTest')
data.setCell(1, 2, 'com.testcases.driverscripts.Execute_MainScript')
data.setCell(1, 3, 30);
data.setCell(2, 0, 2)
data.setCell(2, 1, 'ExecuteTest')
data.setCell(2, 2, 'com.testcases.driverscripts.Execute_MainScript')
data.setCell(2, 3, 26);
data.setCell(3, 0, 3)
data.setCell(3, 1, 'ExecuteTest')
data.setCell(3, 2, 'com.testcases.driverscripts.Execute_MainScript')
data.setCell(3, 3, 24);
data.setCell(4, 0, 4)
data.setCell(4, 1, 'ExecuteTest')
data.setCell(4, 2, 'com.testcases.driverscripts.Execute_MainScript')
data.setCell(4, 3, 23);
data.setCell(5, 0, 5)
data.setCell(5, 1, 'ExecuteTest')
data.setCell(5, 2, 'com.testcases.driverscripts.Execute_MainScript')
data.setCell(5, 3, 22);
data.setCell(6, 0, 6)
data.setCell(6, 1, 'ExecuteTest')
data.setCell(6, 2, 'com.testcases.driverscripts.Execute_MainScript')
data.setCell(6, 3, 22);
data.setCell(7, 0, 7)
data.setCell(7, 1, 'ExecuteTest')
data.setCell(7, 2, 'com.testcases.driverscripts.Execute_MainScript')
data.setCell(7, 3, 22);
data.setCell(8, 0, 8)
data.setCell(8, 1, 'ExecuteTest')
data.setCell(8, 2, 'com.testcases.driverscripts.Execute_MainScript')
data.setCell(8, 3, 22);
data.setCell(9, 0, 9)
data.setCell(9, 1, 'ExecuteTest')
data.setCell(9, 2, 'com.testcases.driverscripts.Execute_MainScript')
data.setCell(9, 3, 21);
data.setCell(10, 0, 10)
data.setCell(10, 1, 'ExecuteTest')
data.setCell(10, 2, 'com.testcases.driverscripts.Execute_MainScript')
data.setCell(10, 3, 20);
data.setCell(11, 0, 11)
data.setCell(11, 1, 'ExecuteTest')
data.setCell(11, 2, 'com.testcases.driverscripts.Execute_MainScript')
data.setCell(11, 3, 20);
data.setCell(12, 0, 12)
data.setCell(12, 1, 'ExecuteTest')
data.setCell(12, 2, 'com.testcases.driverscripts.Execute_MainScript')
data.setCell(12, 3, 20);
data.setCell(13, 0, 13)
data.setCell(13, 1, 'ExecuteTest')
data.setCell(13, 2, 'com.testcases.driverscripts.Execute_MainScript')
data.setCell(13, 3, 20);
data.setCell(14, 0, 14)
data.setCell(14, 1, 'ExecuteTest')
data.setCell(14, 2, 'com.testcases.driverscripts.Execute_MainScript')
data.setCell(14, 3, 19);
data.setCell(15, 0, 15)
data.setCell(15, 1, 'ExecuteTest')
data.setCell(15, 2, 'com.testcases.driverscripts.Execute_MainScript')
data.setCell(15, 3, 19);
data.setCell(16, 0, 16)
data.setCell(16, 1, 'ExecuteTest')
data.setCell(16, 2, 'com.testcases.driverscripts.Execute_MainScript')
data.setCell(16, 3, 19);
data.setCell(17, 0, 17)
data.setCell(17, 1, 'ExecuteTest')
data.setCell(17, 2, 'com.testcases.driverscripts.Execute_MainScript')
data.setCell(17, 3, 19);
data.setCell(18, 0, 18)
data.setCell(18, 1, 'ExecuteTest')
data.setCell(18, 2, 'com.testcases.driverscripts.Execute_MainScript')
data.setCell(18, 3, 19);
data.setCell(19, 0, 19)
data.setCell(19, 1, 'ExecuteTest')
data.setCell(19, 2, 'com.testcases.driverscripts.Execute_MainScript')
data.setCell(19, 3, 19);
data.setCell(20, 0, 20)
data.setCell(20, 1, 'ExecuteTest')
data.setCell(20, 2, 'com.testcases.driverscripts.Execute_MainScript')
data.setCell(20, 3, 19);
data.setCell(21, 0, 21)
data.setCell(21, 1, 'ExecuteTest')
data.setCell(21, 2, 'com.testcases.driverscripts.Execute_MainScript')
data.setCell(21, 3, 18);
data.setCell(22, 0, 22)
data.setCell(22, 1, 'ExecuteTest')
data.setCell(22, 2, 'com.testcases.driverscripts.Execute_MainScript')
data.setCell(22, 3, 18);
data.setCell(23, 0, 23)
data.setCell(23, 1, 'ExecuteTest')
data.setCell(23, 2, 'com.testcases.driverscripts.Execute_MainScript')
data.setCell(23, 3, 18);
data.setCell(24, 0, 24)
data.setCell(24, 1, 'ExecuteTest')
data.setCell(24, 2, 'com.testcases.driverscripts.Execute_MainScript')
data.setCell(24, 3, 18);
data.setCell(25, 0, 25)
data.setCell(25, 1, 'ExecuteTest')
data.setCell(25, 2, 'com.testcases.driverscripts.Execute_MainScript')
data.setCell(25, 3, 17);
data.setCell(26, 0, 26)
data.setCell(26, 1, 'ExecuteTest')
data.setCell(26, 2, 'com.testcases.driverscripts.Execute_MainScript')
data.setCell(26, 3, 17);
window.suiteTableData['Suite']= { tableData: data, tableDiv: 'times-div-Suite'}
return data;
}
              </script>
              <span class="suite-total-time">Total running time: 14 seconds</span>
              <div id="times-div-Suite">
              </div> <!-- times-div-Suite -->
            </div> <!-- times-div -->
          </div> <!-- main-panel-content rounded-window-bottom -->
        </div> <!-- panel -->
        <div panel-name="reporter-Suite" class="panel">
          <div class="main-panel-header rounded-window-top">
            <span class="header-content">Reporter output for Suite</span>
          </div> <!-- main-panel-header rounded-window-top -->
          <div class="main-panel-content rounded-window-bottom">
          </div> <!-- main-panel-content rounded-window-bottom -->
        </div> <!-- panel -->
        <div panel-name="ignored-methods-Suite" class="panel">
          <div class="main-panel-header rounded-window-top">
            <span class="header-content">0 ignored methods</span>
          </div> <!-- main-panel-header rounded-window-top -->
          <div class="main-panel-content rounded-window-bottom">
          </div> <!-- main-panel-content rounded-window-bottom -->
        </div> <!-- panel -->
        <div panel-name="chronological-Suite" class="panel">
          <div class="main-panel-header rounded-window-top">
            <span class="header-content">Methods in chronological order</span>
          </div> <!-- main-panel-header rounded-window-top -->
          <div class="main-panel-content rounded-window-bottom">
            <div class="chronological-class">
              <div class="chronological-class-name">com.testcases.driverscripts.Execute_MainScript</div> <!-- chronological-class-name -->
              <div class="configuration-suite before">
                <span class="method-name">Pre_requisite</span>
                <span class="method-start">0 ms</span>
              </div> <!-- configuration-suite before -->
              <div class="configuration-test before">
                <span class="method-name">EnvSetup(chrome, Desktop, iphone X, 812, 375)</span>
                <span class="method-start">213 ms</span>
              </div> <!-- configuration-test before -->
              <div class="test-method">
                <span class="method-name">ExecuteTest(Home page, Basic check - Storefront, TC01_Basic_check, Access storefront, Yes, High)</span>
                <span class="method-start">5713 ms</span>
              </div> <!-- test-method -->
              <div class="configuration-method after">
                <span class="method-name">TestResults([TestResult name=ExecuteTest status=SUCCESS method=Execute_MainScript.ExecuteTest(java.lang.String, ...)</span>
                <span class="method-start">19385 ms</span>
              </div> <!-- configuration-method after -->
              <div class="test-method">
                <span class="method-name">ExecuteTest(Home page, Login from Left Menu, TC02_Login_Left_Menu, Login as an active user, No, High)</span>
                <span class="method-start">19396 ms</span>
              </div> <!-- test-method -->
              <div class="configuration-method after">
                <span class="method-name">TestResults([TestResult name=ExecuteTest status=SKIP method=Execute_MainScript.ExecuteTest(java.lang.String, jav...)</span>
                <span class="method-start">19423 ms</span>
              </div> <!-- configuration-method after -->
              <div class="test-method">
                <span class="method-name">ExecuteTest(Home page, Login from Header, TC03_Login_Header, Login as an active user, No, High)</span>
                <span class="method-start">19423 ms</span>
              </div> <!-- test-method -->
              <div class="configuration-method after">
                <span class="method-name">TestResults([TestResult name=ExecuteTest status=SKIP method=Execute_MainScript.ExecuteTest(java.lang.String, jav...)</span>
                <span class="method-start">19443 ms</span>
              </div> <!-- configuration-method after -->
              <div class="test-method">
                <span class="method-name">ExecuteTest(Home page, Logout, TC04_Logout, Logout, No, High)</span>
                <span class="method-start">19443 ms</span>
              </div> <!-- test-method -->
              <div class="configuration-method after">
                <span class="method-name">TestResults([TestResult name=ExecuteTest status=SKIP method=Execute_MainScript.ExecuteTest(java.lang.String, jav...)</span>
                <span class="method-start">19466 ms</span>
              </div> <!-- configuration-method after -->
              <div class="test-method">
                <span class="method-name">ExecuteTest(Home page, Logout, TC05_Logout_inactivity, Logout inactivity, No, High)</span>
                <span class="method-start">19466 ms</span>
              </div> <!-- test-method -->
              <div class="configuration-method after">
                <span class="method-name">TestResults([TestResult name=ExecuteTest status=SKIP method=Execute_MainScript.ExecuteTest(java.lang.String, jav...)</span>
                <span class="method-start">19486 ms</span>
              </div> <!-- configuration-method after -->
              <div class="test-method">
                <span class="method-name">ExecuteTest(Home page, Home Page UI elements, TC06_HomeUIElementsCheck, Verify if all the home page elements are...)</span>
                <span class="method-start">19486 ms</span>
              </div> <!-- test-method -->
              <div class="configuration-method after">
                <span class="method-name">TestResults([TestResult name=ExecuteTest status=SKIP method=Execute_MainScript.ExecuteTest(java.lang.String, jav...)</span>
                <span class="method-start">19506 ms</span>
              </div> <!-- configuration-method after -->
              <div class="test-method">
                <span class="method-name">ExecuteTest(My Account, My Profile, TC07_MyProfile, My Profile update, No, High)</span>
                <span class="method-start">19507 ms</span>
              </div> <!-- test-method -->
              <div class="configuration-method after">
                <span class="method-name">TestResults([TestResult name=ExecuteTest status=SKIP method=Execute_MainScript.ExecuteTest(java.lang.String, jav...)</span>
                <span class="method-start">19532 ms</span>
              </div> <!-- configuration-method after -->
              <div class="test-method">
                <span class="method-name">ExecuteTest(My Account, Shipping address - CSR Admin, TC08_CSRnewAdd, Add new address, No, High)</span>
                <span class="method-start">19533 ms</span>
              </div> <!-- test-method -->
              <div class="configuration-method after">
                <span class="method-name">TestResults([TestResult name=ExecuteTest status=SKIP method=Execute_MainScript.ExecuteTest(java.lang.String, jav...)</span>
                <span class="method-start">19557 ms</span>
              </div> <!-- configuration-method after -->
              <div class="test-method">
                <span class="method-name">ExecuteTest(My Account, Quotes, TC09_Quotes_PageLoad, Quotes, No, High)</span>
                <span class="method-start">19557 ms</span>
              </div> <!-- test-method -->
              <div class="configuration-method after">
                <span class="method-name">TestResults([TestResult name=ExecuteTest status=SKIP method=Execute_MainScript.ExecuteTest(java.lang.String, jav...)</span>
                <span class="method-start">19577 ms</span>
              </div> <!-- configuration-method after -->
              <div class="test-method">
                <span class="method-name">ExecuteTest(My Account, Quotes, TC10_QuotesOptionsCheck, Quotes Options Check, No, High)</span>
                <span class="method-start">19578 ms</span>
              </div> <!-- test-method -->
              <div class="configuration-method after">
                <span class="method-name">TestResults([TestResult name=ExecuteTest status=SKIP method=Execute_MainScript.ExecuteTest(java.lang.String, jav...)</span>
                <span class="method-start">19597 ms</span>
              </div> <!-- configuration-method after -->
              <div class="test-method">
                <span class="method-name">ExecuteTest(My Account, Quotes, TC11_QuotesOptionsDetails, Quotes Options Details check, No, High)</span>
                <span class="method-start">19597 ms</span>
              </div> <!-- test-method -->
              <div class="configuration-method after">
                <span class="method-name">TestResults([TestResult name=ExecuteTest status=SKIP method=Execute_MainScript.ExecuteTest(java.lang.String, jav...)</span>
                <span class="method-start">19619 ms</span>
              </div> <!-- configuration-method after -->
              <div class="test-method">
                <span class="method-name">ExecuteTest(My Account, Quotes, TC12_VerifyQuotesSearch, Verify Quote search, No, High)</span>
                <span class="method-start">19620 ms</span>
              </div> <!-- test-method -->
              <div class="configuration-method after">
                <span class="method-name">TestResults([TestResult name=ExecuteTest status=SKIP method=Execute_MainScript.ExecuteTest(java.lang.String, jav...)</span>
                <span class="method-start">19639 ms</span>
              </div> <!-- configuration-method after -->
              <div class="test-method">
                <span class="method-name">ExecuteTest(Order Creation CSR Admin, E2E Scenario, TC13_Order_Creation, Place a product only/residential order ...)</span>
                <span class="method-start">19640 ms</span>
              </div> <!-- test-method -->
              <div class="configuration-method after">
                <span class="method-name">TestResults([TestResult name=ExecuteTest status=SKIP method=Execute_MainScript.ExecuteTest(java.lang.String, jav...)</span>
                <span class="method-start">19663 ms</span>
              </div> <!-- configuration-method after -->
              <div class="test-method">
                <span class="method-name">ExecuteTest(Quote creation, E2E Scenario, TC14_Quote_creation, Create a quote.
Edit Quote
Convert the quote to o...)</span>
                <span class="method-start">19663 ms</span>
              </div> <!-- test-method -->
              <div class="configuration-method after">
                <span class="method-name">TestResults([TestResult name=ExecuteTest status=SKIP method=Execute_MainScript.ExecuteTest(java.lang.String, jav...)</span>
                <span class="method-start">19694 ms</span>
              </div> <!-- configuration-method after -->
              <div class="test-method">
                <span class="method-name">ExecuteTest(Shopping Cart, Shopping Cart display, TC15_Shopping_Cart_display, Verify shopping cart display is as...)</span>
                <span class="method-start">19694 ms</span>
              </div> <!-- test-method -->
              <div class="configuration-method after">
                <span class="method-name">TestResults([TestResult name=ExecuteTest status=SKIP method=Execute_MainScript.ExecuteTest(java.lang.String, jav...)</span>
                <span class="method-start">19714 ms</span>
              </div> <!-- configuration-method after -->
              <div class="test-method">
                <span class="method-name">ExecuteTest(PLP, Access PLP, TC16_Basic_PLP_check,  Verify if PLP is accessible, No, High)</span>
                <span class="method-start">19715 ms</span>
              </div> <!-- test-method -->
              <div class="configuration-method after">
                <span class="method-name">TestResults([TestResult name=ExecuteTest status=SKIP method=Execute_MainScript.ExecuteTest(java.lang.String, jav...)</span>
                <span class="method-start">19737 ms</span>
              </div> <!-- configuration-method after -->
              <div class="test-method">
                <span class="method-name">ExecuteTest(PLP, Facets for Product Listing (Models) page, TC17_PLP_Facets, Verify facets are dislayed properly ...)</span>
                <span class="method-start">19738 ms</span>
              </div> <!-- test-method -->
              <div class="configuration-method after">
                <span class="method-name">TestResults([TestResult name=ExecuteTest status=SKIP method=Execute_MainScript.ExecuteTest(java.lang.String, jav...)</span>
                <span class="method-start">19762 ms</span>
              </div> <!-- configuration-method after -->
              <div class="test-method">
                <span class="method-name">ExecuteTest(PLP, Sort-Pagination, TC18_Sort-Pagination, Verify Sort By filter / pagination functionality / Clear...)</span>
                <span class="method-start">19763 ms</span>
              </div> <!-- test-method -->
              <div class="configuration-method after">
                <span class="method-name">TestResults([TestResult name=ExecuteTest status=SKIP method=Execute_MainScript.ExecuteTest(java.lang.String, jav...)</span>
                <span class="method-start">19786 ms</span>
              </div> <!-- configuration-method after -->
              <div class="test-method">
                <span class="method-name">ExecuteTest(PDP, PDP display, TC19_PDP_display, 
Verify PDP display, No, High)</span>
                <span class="method-start">19787 ms</span>
              </div> <!-- test-method -->
              <div class="configuration-method after">
                <span class="method-name">TestResults([TestResult name=ExecuteTest status=SKIP method=Execute_MainScript.ExecuteTest(java.lang.String, jav...)</span>
                <span class="method-start">19806 ms</span>
              </div> <!-- configuration-method after -->
              <div class="test-method">
                <span class="method-name">ExecuteTest(Checkout, Finalize section, TC20_Verify_Finalize_section, Verify Finalize section display, No, High)</span>
                <span class="method-start">19806 ms</span>
              </div> <!-- test-method -->
              <div class="configuration-method after">
                <span class="method-name">TestResults([TestResult name=ExecuteTest status=SKIP method=Execute_MainScript.ExecuteTest(java.lang.String, jav...)</span>
                <span class="method-start">19826 ms</span>
              </div> <!-- configuration-method after -->
              <div class="test-method">
                <span class="method-name">ExecuteTest(All, Generic, TC21_Verify_Broken_Image_Home_Page, Verify Broken Image & Broken Links on Home Page, N...)</span>
                <span class="method-start">19826 ms</span>
              </div> <!-- test-method -->
              <div class="configuration-method after">
                <span class="method-name">TestResults([TestResult name=ExecuteTest status=SKIP method=Execute_MainScript.ExecuteTest(java.lang.String, jav...)</span>
                <span class="method-start">19845 ms</span>
              </div> <!-- configuration-method after -->
              <div class="test-method">
                <span class="method-name">ExecuteTest(All, Generic, TC22_Verify_Broken_Image_PDP_Page, Verify Broken Image & Broken Links on PDP Page, NO,...)</span>
                <span class="method-start">19846 ms</span>
              </div> <!-- test-method -->
              <div class="configuration-method after">
                <span class="method-name">TestResults([TestResult name=ExecuteTest status=SKIP method=Execute_MainScript.ExecuteTest(java.lang.String, jav...)</span>
                <span class="method-start">19869 ms</span>
              </div> <!-- configuration-method after -->
              <div class="test-method">
                <span class="method-name">ExecuteTest(All, Generic, TC23_Verify_Broken_Image_PLP_Page, Verify Broken Image & Broken Links on PLP Page, No,...)</span>
                <span class="method-start">19870 ms</span>
              </div> <!-- test-method -->
              <div class="configuration-method after">
                <span class="method-name">TestResults([TestResult name=ExecuteTest status=SKIP method=Execute_MainScript.ExecuteTest(java.lang.String, jav...)</span>
                <span class="method-start">19887 ms</span>
              </div> <!-- configuration-method after -->
              <div class="test-method">
                <span class="method-name">ExecuteTest(All, Generic, TC24_Verify_Broken_Image_Search_Page, Verify Broken Image & Broken Links on Search Pag...)</span>
                <span class="method-start">19891 ms</span>
              </div> <!-- test-method -->
              <div class="configuration-method after">
                <span class="method-name">TestResults([TestResult name=ExecuteTest status=SKIP method=Execute_MainScript.ExecuteTest(java.lang.String, jav...)</span>
                <span class="method-start">19909 ms</span>
              </div> <!-- configuration-method after -->
              <div class="test-method">
                <span class="method-name">ExecuteTest(Order Creation User, E2E Scenario, TC25_Order_Creation_User, Place a product only/residential order ...)</span>
                <span class="method-start">19909 ms</span>
              </div> <!-- test-method -->
              <div class="configuration-method after">
                <span class="method-name">TestResults([TestResult name=ExecuteTest status=SKIP method=Execute_MainScript.ExecuteTest(java.lang.String, jav...)</span>
                <span class="method-start">19930 ms</span>
              </div> <!-- configuration-method after -->
              <div class="test-method">
                <span class="method-name">ExecuteTest(Mobile, Cart Check, TC26_Cart Check_Mobile, Place a product only/residential order using new credit ...)</span>
                <span class="method-start">19930 ms</span>
              </div> <!-- test-method -->
              <div class="configuration-method after">
                <span class="method-name">TestResults([TestResult name=ExecuteTest status=SKIP method=Execute_MainScript.ExecuteTest(java.lang.String, jav...)</span>
                <span class="method-start">19949 ms</span>
              </div> <!-- configuration-method after -->
              <div class="test-method">
                <span class="method-name">ExecuteTest(POC DEMO, MYACC, TC27_DEMO_Myacc, Verify whether User can update profile details from My Profile sec...)</span>
                <span class="method-start">19949 ms</span>
              </div> <!-- test-method -->
              <div class="configuration-method after">
                <span class="method-name">TestResults([TestResult name=ExecuteTest status=SKIP method=Execute_MainScript.ExecuteTest(java.lang.String, jav...)</span>
                <span class="method-start">19969 ms</span>
              </div> <!-- configuration-method after -->
              <div class="configuration-suite after">
                <span class="method-name">close</span>
                <span class="method-start">20001 ms</span>
              </div> <!-- configuration-suite after -->
              <div class="configuration-suite after">
                <span class="method-name">closebrowser(chrome)</span>
                <span class="method-start">35104 ms</span>
              </div> <!-- configuration-suite after -->
          </div> <!-- main-panel-content rounded-window-bottom -->
        </div> <!-- panel -->
      </div> <!-- main-panel-root -->
    </div> <!-- wrapper -->
  </body>
</html>
